<?xml version="1.0" encoding="UTF-8"?>
<beans xmlns="http://www.springframework.org/schema/beans"
	xmlns:xsi="http://www.w3.org/2001/XMLSchema-instance"
	xmlns:context="http://www.springframework.org/schema/context"
	xsi:schemaLocation="http://www.springframework.org/schema/beans
			http://www.springframework.org/schema/beans/spring-beans-3.0.xsd
			http://www.springframework.org/schema/context
			http://www.springframework.org/schema/context/spring-context-3.1.xsd">
			
	<context:annotation-config/>
	
	<bean id="dataSource" class="org.springframework.jdbc.datasource.SimpleDriverDataSource">
		<property name="driverClass" value="org.sqlite.JDBC"/>
		<property name="url" value="jdbc:sqlite:target/test-classes/test-basicsite.db"/>
	</bean>
	<bean id="boardDao" class="com.project.basic.board.dao.BoardDao">
		<property name="dataSource" ref="dataSource"/>
	</bean>
</beans>